{"timestamp": "2025-07-05T01:07:22.524857", "level": "INFO", "logger": "CrossListingService", "message": "Initialized platform: mercari", "module": "cross_listing_service", "function": "_initialize_platforms", "line": 51}
{"timestamp": "2025-07-05T01:07:22.524960", "level": "INFO", "logger": "CrossListingService", "message": "CrossListingService initialized with 1 platforms", "module": "cross_listing_service", "function": "__init__", "line": 26}
{"timestamp": "2025-07-05T01:07:22.842054", "level": "ERROR", "logger": "MercariPlatform", "message": "Error: HTTPSConnectionPool(host='api-sandbox.mercari.com', port=443): Max retries exceeded with url: /v1/user/profile (Caused by NameResolutionError(\"<urllib3.connection.HTTPSConnection object at 0x793ede4fd540>: Failed to resolve 'api-sandbox.mercari.com' ([Errno -2] Name or service not known)\"))", "module": "logger", "function": "log_error", "line": 154, "event_type": "error", "error_type": "ConnectionError", "error_message": "HTTPSConnectionPool(host='api-sandbox.mercari.com', port=443): Max retries exceeded with url: /v1/user/profile (Caused by NameResolutionError(\"<urllib3.connection.HTTPSConnection object at 0x793ede4fd540>: Failed to resolve 'api-sandbox.mercari.com' ([Errno -2] Name or service not known)\"))", "context": {"operation": "authenticate", "platform": "mercari"}}
{"timestamp": "2025-07-05T01:18:38.748516", "level": "INFO", "logger": "CrossListingService", "message": "Initialized platform: mercari", "module": "cross_listing_service", "function": "_initialize_platforms", "line": 49}
{"timestamp": "2025-07-05T01:18:38.748701", "level": "INFO", "logger": "VintedOAuthManager", "message": "OAuth tokens initialized", "module": "oauth_manager", "function": "initialize_tokens", "line": 43}
{"timestamp": "2025-07-05T01:18:38.748751", "level": "INFO", "logger": "CrossListingService", "message": "Initialized platform: vinted", "module": "cross_listing_service", "function": "_initialize_platforms", "line": 49}
{"timestamp": "2025-07-05T01:18:38.748827", "level": "INFO", "logger": "CrossListingService", "message": "Initialized platform: facebook_marketplace", "module": "cross_listing_service", "function": "_initialize_platforms", "line": 49}
{"timestamp": "2025-07-05T01:18:38.748862", "level": "INFO", "logger": "CrossListingService", "message": "CrossListingService initialized with 3 platforms", "module": "cross_listing_service", "function": "__init__", "line": 28}
{"timestamp": "2025-07-05T01:18:39.140602", "level": "ERROR", "logger": "MercariPlatform", "message": "Error: HTTPSConnectionPool(host='api-sandbox.mercari.com', port=443): Max retries exceeded with url: /v1/user/profile (Caused by NameResolutionError(\"<urllib3.connection.HTTPSConnection object at 0x736bb6e45900>: Failed to resolve 'api-sandbox.mercari.com' ([Errno -2] Name or service not known)\"))", "module": "logger", "function": "log_error", "line": 154, "event_type": "error", "error_type": "ConnectionError", "error_message": "HTTPSConnectionPool(host='api-sandbox.mercari.com', port=443): Max retries exceeded with url: /v1/user/profile (Caused by NameResolutionError(\"<urllib3.connection.HTTPSConnection object at 0x736bb6e45900>: Failed to resolve 'api-sandbox.mercari.com' ([Errno -2] Name or service not known)\"))", "context": {"operation": "authenticate", "platform": "mercari"}}
{"timestamp": "2025-07-05T01:18:39.917347", "level": "ERROR", "logger": "VintedPlatform", "message": "API call to vinted GET - FAILED", "module": "logger", "function": "log_api_call", "line": 92, "event_type": "api_call", "platform": "vinted", "method": "GET", "url": "https://api.vinted.com/v1/user/profile", "duration": 0.775, "success": false, "status_code": 404}
{"timestamp": "2025-07-05T01:18:39.917714", "level": "ERROR", "logger": "VintedPlatform", "message": "Vinted authentication failed: ", "module": "vinted", "function": "authenticate", "line": 128}
{"timestamp": "2025-07-05T01:18:40.210571", "level": "ERROR", "logger": "FacebookMarketplacePlatform", "message": "API call to facebook_marketplace GET - FAILED", "module": "logger", "function": "log_api_call", "line": 92, "event_type": "api_call", "platform": "facebook_marketplace", "method": "GET", "url": "https://graph.facebook.com/v18.0/me", "duration": 0.292, "success": false, "status_code": 400, "error": "{\"error\":{\"message\":\"Invalid OAuth access token - Cannot parse access token\",\"type\":\"OAuthException\",\"code\":190,\"fbtrace_id\":\"A3ggr9yAbZGUFy0dLIUKpS3\"}}"}
{"timestamp": "2025-07-05T01:18:40.210891", "level": "ERROR", "logger": "FacebookMarketplacePlatform", "message": "Facebook authentication failed: {\"error\":{\"message\":\"Invalid OAuth access token - Cannot parse access token\",\"type\":\"OAuthException\",\"code\":190,\"fbtrace_id\":\"A3ggr9yAbZGUFy0dLIUKpS3\"}}", "module": "facebook_marketplace", "function": "authenticate", "line": 89}
{"timestamp": "2025-07-05T01:19:49.736361", "level": "INFO", "logger": "CrossListingService", "message": "Initialized platform: mercari", "module": "cross_listing_service", "function": "_initialize_platforms", "line": 49}
{"timestamp": "2025-07-05T01:19:49.736555", "level": "INFO", "logger": "VintedOAuthManager", "message": "OAuth tokens initialized", "module": "oauth_manager", "function": "initialize_tokens", "line": 43}
{"timestamp": "2025-07-05T01:19:49.736616", "level": "INFO", "logger": "CrossListingService", "message": "Initialized platform: vinted", "module": "cross_listing_service", "function": "_initialize_platforms", "line": 49}
{"timestamp": "2025-07-05T01:19:49.736717", "level": "INFO", "logger": "CrossListingService", "message": "Initialized platform: facebook_marketplace", "module": "cross_listing_service", "function": "_initialize_platforms", "line": 49}
{"timestamp": "2025-07-05T01:19:49.736762", "level": "INFO", "logger": "CrossListingService", "message": "CrossListingService initialized with 3 platforms", "module": "cross_listing_service", "function": "__init__", "line": 28}
{"timestamp": "2025-07-05T01:19:50.089009", "level": "ERROR", "logger": "MercariPlatform", "message": "Error: HTTPSConnectionPool(host='api-sandbox.mercari.com', port=443): Max retries exceeded with url: /v1/user/profile (Caused by NameResolutionError(\"<urllib3.connection.HTTPSConnection object at 0x793af994c520>: Failed to resolve 'api-sandbox.mercari.com' ([Errno -2] Name or service not known)\"))", "module": "logger", "function": "log_error", "line": 154, "event_type": "error", "error_type": "ConnectionError", "error_message": "HTTPSConnectionPool(host='api-sandbox.mercari.com', port=443): Max retries exceeded with url: /v1/user/profile (Caused by NameResolutionError(\"<urllib3.connection.HTTPSConnection object at 0x793af994c520>: Failed to resolve 'api-sandbox.mercari.com' ([Errno -2] Name or service not known)\"))", "context": {"operation": "authenticate", "platform": "mercari"}}
{"timestamp": "2025-07-05T01:20:10.467919", "level": "ERROR", "logger": "VintedPlatform", "message": "API call to vinted GET - FAILED", "module": "logger", "function": "log_api_call", "line": 92, "event_type": "api_call", "platform": "vinted", "method": "GET", "url": "https://api.vinted.com/v1/user/profile", "duration": 20.378, "success": false, "status_code": 404}
{"timestamp": "2025-07-05T01:20:10.468279", "level": "ERROR", "logger": "VintedPlatform", "message": "Vinted authentication failed: ", "module": "vinted", "function": "authenticate", "line": 128}
{"timestamp": "2025-07-05T01:20:10.775275", "level": "ERROR", "logger": "FacebookMarketplacePlatform", "message": "API call to facebook_marketplace GET - FAILED", "module": "logger", "function": "log_api_call", "line": 92, "event_type": "api_call", "platform": "facebook_marketplace", "method": "GET", "url": "https://graph.facebook.com/v18.0/me", "duration": 0.298, "success": false, "status_code": 400, "error": "{\"error\":{\"message\":\"Invalid OAuth access token - Cannot parse access token\",\"type\":\"OAuthException\",\"code\":190,\"fbtrace_id\":\"Ay1-CKws-q81G70tNz0hsUb\"}}"}
{"timestamp": "2025-07-05T01:20:10.775699", "level": "ERROR", "logger": "FacebookMarketplacePlatform", "message": "Facebook authentication failed: {\"error\":{\"message\":\"Invalid OAuth access token - Cannot parse access token\",\"type\":\"OAuthException\",\"code\":190,\"fbtrace_id\":\"Ay1-CKws-q81G70tNz0hsUb\"}}", "module": "facebook_marketplace", "function": "authenticate", "line": 89}
{"timestamp": "2025-07-05T01:20:10.783634", "level": "INFO", "logger": "CrossListingService", "message": "Initialized platform: mercari", "module": "cross_listing_service", "function": "_initialize_platforms", "line": 49}
{"timestamp": "2025-07-05T01:20:10.783803", "level": "INFO", "logger": "VintedOAuthManager", "message": "OAuth tokens initialized", "module": "oauth_manager", "function": "initialize_tokens", "line": 43}
{"timestamp": "2025-07-05T01:20:10.783849", "level": "INFO", "logger": "CrossListingService", "message": "Initialized platform: vinted", "module": "cross_listing_service", "function": "_initialize_platforms", "line": 49}
{"timestamp": "2025-07-05T01:20:10.783932", "level": "INFO", "logger": "CrossListingService", "message": "Initialized platform: facebook_marketplace", "module": "cross_listing_service", "function": "_initialize_platforms", "line": 49}
{"timestamp": "2025-07-05T01:20:10.783965", "level": "INFO", "logger": "CrossListingService", "message": "CrossListingService initialized with 3 platforms", "module": "cross_listing_service", "function": "__init__", "line": 28}
{"timestamp": "2025-07-05T01:20:10.786799", "level": "INFO", "logger": "CrossListingService", "message": "Initialized platform: mercari", "module": "cross_listing_service", "function": "_initialize_platforms", "line": 49}
{"timestamp": "2025-07-05T01:20:10.786940", "level": "INFO", "logger": "VintedOAuthManager", "message": "OAuth tokens initialized", "module": "oauth_manager", "function": "initialize_tokens", "line": 43}
{"timestamp": "2025-07-05T01:20:10.786982", "level": "INFO", "logger": "CrossListingService", "message": "Initialized platform: vinted", "module": "cross_listing_service", "function": "_initialize_platforms", "line": 49}
{"timestamp": "2025-07-05T01:20:10.787059", "level": "INFO", "logger": "CrossListingService", "message": "Initialized platform: facebook_marketplace", "module": "cross_listing_service", "function": "_initialize_platforms", "line": 49}
{"timestamp": "2025-07-05T01:20:10.787090", "level": "INFO", "logger": "CrossListingService", "message": "CrossListingService initialized with 3 platforms", "module": "cross_listing_service", "function": "__init__", "line": 28}
{"timestamp": "2025-07-05T01:20:10.789982", "level": "INFO", "logger": "CrossListingService", "message": "Initialized platform: mercari", "module": "cross_listing_service", "function": "_initialize_platforms", "line": 49}
{"timestamp": "2025-07-05T01:20:10.790178", "level": "INFO", "logger": "VintedOAuthManager", "message": "OAuth tokens initialized", "module": "oauth_manager", "function": "initialize_tokens", "line": 43}
{"timestamp": "2025-07-05T01:20:10.790230", "level": "INFO", "logger": "CrossListingService", "message": "Initialized platform: vinted", "module": "cross_listing_service", "function": "_initialize_platforms", "line": 49}
{"timestamp": "2025-07-05T01:20:10.790327", "level": "INFO", "logger": "CrossListingService", "message": "Initialized platform: facebook_marketplace", "module": "cross_listing_service", "function": "_initialize_platforms", "line": 49}
{"timestamp": "2025-07-05T01:20:10.790365", "level": "INFO", "logger": "CrossListingService", "message": "CrossListingService initialized with 3 platforms", "module": "cross_listing_service", "function": "__init__", "line": 28}
{"timestamp": "2025-07-05T01:20:11.104850", "level": "ERROR", "logger": "MercariPlatform", "message": "Error: HTTPSConnectionPool(host='api-sandbox.mercari.com', port=443): Max retries exceeded with url: /v1/user/profile (Caused by NameResolutionError(\"<urllib3.connection.HTTPSConnection object at 0x793af994da20>: Failed to resolve 'api-sandbox.mercari.com' ([Errno -2] Name or service not known)\"))", "module": "logger", "function": "log_error", "line": 154, "event_type": "error", "error_type": "ConnectionError", "error_message": "HTTPSConnectionPool(host='api-sandbox.mercari.com', port=443): Max retries exceeded with url: /v1/user/profile (Caused by NameResolutionError(\"<urllib3.connection.HTTPSConnection object at 0x793af994da20>: Failed to resolve 'api-sandbox.mercari.com' ([Errno -2] Name or service not known)\"))", "context": {"operation": "authenticate", "platform": "mercari"}}
{"timestamp": "2025-07-05T01:20:11.105355", "level": "ERROR", "logger": "CrossListingService", "message": "Error: Authentication failed", "module": "logger", "function": "log_error", "line": 154, "event_type": "error", "error_type": "Exception", "error_message": "Authentication failed", "context": {"operation": "sync_platform_listings", "platform": "mercari"}}
{"timestamp": "2025-07-05T01:20:11.105524", "level": "ERROR", "logger": "CrossListingService", "message": "Error: Authentication failed", "module": "logger", "function": "log_error", "line": 154, "event_type": "error", "error_type": "Exception", "error_message": "Authentication failed", "context": {"operation": "sync_all_listings", "platform": "mercari"}}
{"timestamp": "2025-07-05T01:20:11.770301", "level": "ERROR", "logger": "VintedPlatform", "message": "API call to vinted GET - FAILED", "module": "logger", "function": "log_api_call", "line": 92, "event_type": "api_call", "platform": "vinted", "method": "GET", "url": "https://api.vinted.com/v1/user/profile", "duration": 0.665, "success": false, "status_code": 404}
{"timestamp": "2025-07-05T01:20:11.770695", "level": "ERROR", "logger": "VintedPlatform", "message": "Vinted authentication failed: ", "module": "vinted", "function": "authenticate", "line": 128}
{"timestamp": "2025-07-05T01:20:11.772019", "level": "ERROR", "logger": "CrossListingService", "message": "Error: Authentication failed", "module": "logger", "function": "log_error", "line": 154, "event_type": "error", "error_type": "Exception", "error_message": "Authentication failed", "context": {"operation": "sync_platform_listings", "platform": "vinted"}}
{"timestamp": "2025-07-05T01:20:11.772578", "level": "ERROR", "logger": "CrossListingService", "message": "Error: Authentication failed", "module": "logger", "function": "log_error", "line": 154, "event_type": "error", "error_type": "Exception", "error_message": "Authentication failed", "context": {"operation": "sync_all_listings", "platform": "vinted"}}
{"timestamp": "2025-07-05T01:20:12.054724", "level": "ERROR", "logger": "FacebookMarketplacePlatform", "message": "API call to facebook_marketplace GET - FAILED", "module": "logger", "function": "log_api_call", "line": 92, "event_type": "api_call", "platform": "facebook_marketplace", "method": "GET", "url": "https://graph.facebook.com/v18.0/me", "duration": 0.282, "success": false, "status_code": 400, "error": "{\"error\":{\"message\":\"Invalid OAuth access token - Cannot parse access token\",\"type\":\"OAuthException\",\"code\":190,\"fbtrace_id\":\"AZavASv15WsQKqOBcUN02A0\"}}"}
{"timestamp": "2025-07-05T01:20:12.055090", "level": "ERROR", "logger": "FacebookMarketplacePlatform", "message": "Facebook authentication failed: {\"error\":{\"message\":\"Invalid OAuth access token - Cannot parse access token\",\"type\":\"OAuthException\",\"code\":190,\"fbtrace_id\":\"AZavASv15WsQKqOBcUN02A0\"}}", "module": "facebook_marketplace", "function": "authenticate", "line": 89}
{"timestamp": "2025-07-05T01:20:12.056832", "level": "ERROR", "logger": "CrossListingService", "message": "Error: Authentication failed", "module": "logger", "function": "log_error", "line": 154, "event_type": "error", "error_type": "Exception", "error_message": "Authentication failed", "context": {"operation": "sync_platform_listings", "platform": "facebook_marketplace"}}
{"timestamp": "2025-07-05T01:20:12.057047", "level": "ERROR", "logger": "CrossListingService", "message": "Error: Authentication failed", "module": "logger", "function": "log_error", "line": 154, "event_type": "error", "error_type": "Exception", "error_message": "Authentication failed", "context": {"operation": "sync_all_listings", "platform": "facebook_marketplace"}}
{"timestamp": "2025-07-05T01:20:12.057164", "level": "INFO", "logger": "CrossListingService", "message": "Sync sync_all for all - 0 items processed, 0 failed", "module": "logger", "function": "log_sync_operation", "line": 138, "event_type": "sync_operation", "operation": "sync_all", "platform": "all", "items_processed": 0, "items_failed": 0, "success_rate": 0, "duration": 1.267}
{"timestamp": "2025-07-05T01:20:12.063390", "level": "INFO", "logger": "CrossListingService", "message": "Initialized platform: mercari", "module": "cross_listing_service", "function": "_initialize_platforms", "line": 49}
{"timestamp": "2025-07-05T01:20:12.063610", "level": "INFO", "logger": "VintedOAuthManager", "message": "OAuth tokens initialized", "module": "oauth_manager", "function": "initialize_tokens", "line": 43}
{"timestamp": "2025-07-05T01:20:12.063664", "level": "INFO", "logger": "CrossListingService", "message": "Initialized platform: vinted", "module": "cross_listing_service", "function": "_initialize_platforms", "line": 49}
{"timestamp": "2025-07-05T01:20:12.063762", "level": "INFO", "logger": "CrossListingService", "message": "Initialized platform: facebook_marketplace", "module": "cross_listing_service", "function": "_initialize_platforms", "line": 49}
{"timestamp": "2025-07-05T01:20:12.063801", "level": "INFO", "logger": "CrossListingService", "message": "CrossListingService initialized with 3 platforms", "module": "cross_listing_service", "function": "__init__", "line": 28}
{"timestamp": "2025-07-05T01:20:12.311545", "level": "ERROR", "logger": "MercariPlatform", "message": "Error: HTTPSConnectionPool(host='api-sandbox.mercari.com', port=443): Max retries exceeded with url: /v1/user/profile (Caused by NameResolutionError(\"<urllib3.connection.HTTPSConnection object at 0x793af994ce50>: Failed to resolve 'api-sandbox.mercari.com' ([Errno -2] Name or service not known)\"))", "module": "logger", "function": "log_error", "line": 154, "event_type": "error", "error_type": "ConnectionError", "error_message": "HTTPSConnectionPool(host='api-sandbox.mercari.com', port=443): Max retries exceeded with url: /v1/user/profile (Caused by NameResolutionError(\"<urllib3.connection.HTTPSConnection object at 0x793af994ce50>: Failed to resolve 'api-sandbox.mercari.com' ([Errno -2] Name or service not known)\"))", "context": {"operation": "authenticate", "platform": "mercari"}}
{"timestamp": "2025-07-05T01:20:12.312256", "level": "ERROR", "logger": "CrossListingService", "message": "Error: Authentication failed", "module": "logger", "function": "log_error", "line": 154, "event_type": "error", "error_type": "Exception", "error_message": "Authentication failed", "context": {"operation": "get_sales_report", "platform": "mercari"}}
{"timestamp": "2025-07-05T01:20:12.923713", "level": "ERROR", "logger": "VintedPlatform", "message": "API call to vinted GET - FAILED", "module": "logger", "function": "log_api_call", "line": 92, "event_type": "api_call", "platform": "vinted", "method": "GET", "url": "https://api.vinted.com/v1/user/profile", "duration": 0.611, "success": false, "status_code": 404}
{"timestamp": "2025-07-05T01:20:12.924108", "level": "ERROR", "logger": "VintedPlatform", "message": "Vinted authentication failed: ", "module": "vinted", "function": "authenticate", "line": 128}
{"timestamp": "2025-07-05T01:20:12.925449", "level": "ERROR", "logger": "CrossListingService", "message": "Error: Authentication failed", "module": "logger", "function": "log_error", "line": 154, "event_type": "error", "error_type": "Exception", "error_message": "Authentication failed", "context": {"operation": "get_sales_report", "platform": "vinted"}}
{"timestamp": "2025-07-05T01:20:13.169540", "level": "ERROR", "logger": "FacebookMarketplacePlatform", "message": "API call to facebook_marketplace GET - FAILED", "module": "logger", "function": "log_api_call", "line": 92, "event_type": "api_call", "platform": "facebook_marketplace", "method": "GET", "url": "https://graph.facebook.com/v18.0/me", "duration": 0.243, "success": false, "status_code": 400, "error": "{\"error\":{\"message\":\"Invalid OAuth access token - Cannot parse access token\",\"type\":\"OAuthException\",\"code\":190,\"fbtrace_id\":\"A1PkSTPCyQQR00yJ9-JISYe\"}}"}
{"timestamp": "2025-07-05T01:20:13.169844", "level": "ERROR", "logger": "FacebookMarketplacePlatform", "message": "Facebook authentication failed: {\"error\":{\"message\":\"Invalid OAuth access token - Cannot parse access token\",\"type\":\"OAuthException\",\"code\":190,\"fbtrace_id\":\"A1PkSTPCyQQR00yJ9-JISYe\"}}", "module": "facebook_marketplace", "function": "authenticate", "line": 89}
{"timestamp": "2025-07-05T01:20:13.170748", "level": "ERROR", "logger": "CrossListingService", "message": "Error: Authentication failed", "module": "logger", "function": "log_error", "line": 154, "event_type": "error", "error_type": "Exception", "error_message": "Authentication failed", "context": {"operation": "get_sales_report", "platform": "facebook_marketplace"}}
{"timestamp": "2025-07-05T01:20:13.171364", "level": "INFO", "logger": "CrossListingService", "message": "Performance: get_sales_report took 1.108s", "module": "logger", "function": "log_performance", "line": 178, "event_type": "performance", "operation": "get_sales_report", "duration": 1.108}
{"timestamp": "2025-07-05T01:26:34.056773", "level": "INFO", "logger": "OAuthTokenManager", "message": "OAuth tokens initialized", "module": "oauth_manager", "function": "initialize_tokens", "line": 43}
{"timestamp": "2025-07-05T01:26:34.058742", "level": "INFO", "logger": "OAuthTokenManager", "message": "Refreshing OAuth access token", "module": "oauth_manager", "function": "_refresh_access_token", "line": 87}
{"timestamp": "2025-07-05T01:26:34.059107", "level": "INFO", "logger": "OAuthTokenManager", "message": "API call to oauth POST - SUCCESS", "module": "logger", "function": "log_api_call", "line": 90, "event_type": "api_call", "platform": "oauth", "method": "POST", "url": "https://example.com/oauth/token", "duration": 0.0, "success": true, "status_code": 200}
{"timestamp": "2025-07-05T01:26:34.059208", "level": "INFO", "logger": "OAuthTokenManager", "message": "OAuth token refreshed successfully", "module": "oauth_manager", "function": "_refresh_access_token", "line": 121}
{"timestamp": "2025-07-05T01:26:34.060026", "level": "INFO", "logger": "OAuthTokenManager", "message": "Refreshing OAuth access token", "module": "oauth_manager", "function": "_refresh_access_token", "line": 87}
{"timestamp": "2025-07-05T01:26:34.060133", "level": "ERROR", "logger": "OAuthTokenManager", "message": "API call to oauth POST - FAILED", "module": "logger", "function": "log_api_call", "line": 92, "event_type": "api_call", "platform": "oauth", "method": "POST", "url": "https://example.com/oauth/token", "duration": 0.0, "success": false, "status_code": 400, "error": "Invalid refresh token"}
{"timestamp": "2025-07-05T01:26:34.060194", "level": "ERROR", "logger": "OAuthTokenManager", "message": "Token refresh failed: 400 - Invalid refresh token", "module": "oauth_manager", "function": "_refresh_access_token", "line": 124}
{"timestamp": "2025-07-05T01:26:34.060818", "level": "WARNING", "logger": "OAuthTokenManager", "message": "No access token available", "module": "oauth_manager", "function": "get_valid_access_token", "line": 48}
{"timestamp": "2025-07-05T01:26:34.061813", "level": "WARNING", "logger": "OAuthTokenManager", "message": "No access token available", "module": "oauth_manager", "function": "get_valid_access_token", "line": 48}
{"timestamp": "2025-07-05T01:26:34.077624", "level": "INFO", "logger": "VintedOAuthManager", "message": "Exchanging authorization code for tokens", "module": "oauth_manager", "function": "exchange_code_for_tokens", "line": 241}
{"timestamp": "2025-07-05T01:26:34.077755", "level": "INFO", "logger": "VintedOAuthManager", "message": "API call to vinted_oauth POST - SUCCESS", "module": "logger", "function": "log_api_call", "line": 90, "event_type": "api_call", "platform": "vinted_oauth", "method": "POST", "url": "https://www.vinted.com/oauth/token", "duration": 0.0, "success": true, "status_code": 200}
{"timestamp": "2025-07-05T01:26:34.077844", "level": "INFO", "logger": "VintedOAuthManager", "message": "OAuth tokens initialized", "module": "oauth_manager", "function": "initialize_tokens", "line": 43}
{"timestamp": "2025-07-05T01:26:34.077888", "level": "INFO", "logger": "VintedOAuthManager", "message": "Successfully exchanged code for tokens", "module": "oauth_manager", "function": "exchange_code_for_tokens", "line": 274}
{"timestamp": "2025-07-05T01:26:34.078663", "level": "INFO", "logger": "VintedOAuthManager", "message": "Exchanging authorization code for tokens", "module": "oauth_manager", "function": "exchange_code_for_tokens", "line": 241}
{"timestamp": "2025-07-05T01:26:34.078768", "level": "ERROR", "logger": "VintedOAuthManager", "message": "API call to vinted_oauth POST - FAILED", "module": "logger", "function": "log_api_call", "line": 92, "event_type": "api_call", "platform": "vinted_oauth", "method": "POST", "url": "https://www.vinted.com/oauth/token", "duration": 0.0, "success": false, "status_code": 400, "error": "Invalid authorization code"}
{"timestamp": "2025-07-05T01:26:34.078830", "level": "ERROR", "logger": "VintedOAuthManager", "message": "Token exchange failed: 400 - Invalid authorization code", "module": "oauth_manager", "function": "exchange_code_for_tokens", "line": 278}
{"timestamp": "2025-07-05T01:26:59.339131", "level": "INFO", "logger": "OAuthTokenManager", "message": "OAuth tokens initialized", "module": "oauth_manager", "function": "initialize_tokens", "line": 43}
{"timestamp": "2025-07-05T01:26:59.341154", "level": "INFO", "logger": "OAuthTokenManager", "message": "Refreshing OAuth access token", "module": "oauth_manager", "function": "_refresh_access_token", "line": 87}
{"timestamp": "2025-07-05T01:26:59.341508", "level": "INFO", "logger": "OAuthTokenManager", "message": "API call to oauth POST - SUCCESS", "module": "logger", "function": "log_api_call", "line": 90, "event_type": "api_call", "platform": "oauth", "method": "POST", "url": "https://example.com/oauth/token", "duration": 0.0, "success": true, "status_code": 200}
{"timestamp": "2025-07-05T01:26:59.341606", "level": "INFO", "logger": "OAuthTokenManager", "message": "OAuth token refreshed successfully", "module": "oauth_manager", "function": "_refresh_access_token", "line": 121}
{"timestamp": "2025-07-05T01:26:59.342431", "level": "INFO", "logger": "OAuthTokenManager", "message": "Refreshing OAuth access token", "module": "oauth_manager", "function": "_refresh_access_token", "line": 87}
{"timestamp": "2025-07-05T01:26:59.342538", "level": "ERROR", "logger": "OAuthTokenManager", "message": "API call to oauth POST - FAILED", "module": "logger", "function": "log_api_call", "line": 92, "event_type": "api_call", "platform": "oauth", "method": "POST", "url": "https://example.com/oauth/token", "duration": 0.0, "success": false, "status_code": 400, "error": "Invalid refresh token"}
{"timestamp": "2025-07-05T01:26:59.342602", "level": "ERROR", "logger": "OAuthTokenManager", "message": "Token refresh failed: 400 - Invalid refresh token", "module": "oauth_manager", "function": "_refresh_access_token", "line": 124}
{"timestamp": "2025-07-05T01:26:59.343256", "level": "WARNING", "logger": "OAuthTokenManager", "message": "No access token available", "module": "oauth_manager", "function": "get_valid_access_token", "line": 48}
{"timestamp": "2025-07-05T01:26:59.344267", "level": "WARNING", "logger": "OAuthTokenManager", "message": "No access token available", "module": "oauth_manager", "function": "get_valid_access_token", "line": 48}
{"timestamp": "2025-07-05T01:26:59.360592", "level": "INFO", "logger": "VintedOAuthManager", "message": "Exchanging authorization code for tokens", "module": "oauth_manager", "function": "exchange_code_for_tokens", "line": 241}
{"timestamp": "2025-07-05T01:26:59.360725", "level": "INFO", "logger": "VintedOAuthManager", "message": "API call to vinted_oauth POST - SUCCESS", "module": "logger", "function": "log_api_call", "line": 90, "event_type": "api_call", "platform": "vinted_oauth", "method": "POST", "url": "https://www.vinted.com/oauth/token", "duration": 0.0, "success": true, "status_code": 200}
{"timestamp": "2025-07-05T01:26:59.360817", "level": "INFO", "logger": "VintedOAuthManager", "message": "OAuth tokens initialized", "module": "oauth_manager", "function": "initialize_tokens", "line": 43}
{"timestamp": "2025-07-05T01:26:59.360861", "level": "INFO", "logger": "VintedOAuthManager", "message": "Successfully exchanged code for tokens", "module": "oauth_manager", "function": "exchange_code_for_tokens", "line": 274}
{"timestamp": "2025-07-05T01:26:59.361645", "level": "INFO", "logger": "VintedOAuthManager", "message": "Exchanging authorization code for tokens", "module": "oauth_manager", "function": "exchange_code_for_tokens", "line": 241}
{"timestamp": "2025-07-05T01:26:59.361749", "level": "ERROR", "logger": "VintedOAuthManager", "message": "API call to vinted_oauth POST - FAILED", "module": "logger", "function": "log_api_call", "line": 92, "event_type": "api_call", "platform": "vinted_oauth", "method": "POST", "url": "https://www.vinted.com/oauth/token", "duration": 0.0, "success": false, "status_code": 400, "error": "Invalid authorization code"}
{"timestamp": "2025-07-05T01:26:59.361813", "level": "ERROR", "logger": "VintedOAuthManager", "message": "Token exchange failed: 400 - Invalid authorization code", "module": "oauth_manager", "function": "exchange_code_for_tokens", "line": 278}
{"timestamp": "2025-07-05T01:27:37.865520", "level": "INFO", "logger": "VintedOAuthManager", "message": "OAuth tokens initialized", "module": "oauth_manager", "function": "initialize_tokens", "line": 43}
{"timestamp": "2025-07-05T01:28:00.474100", "level": "INFO", "logger": "MercariPlatform", "message": "API call to mercari GET - SUCCESS", "module": "logger", "function": "log_api_call", "line": 90, "event_type": "api_call", "platform": "mercari", "method": "GET", "url": "https://api-sandbox.mercari.com/v1/user/profile", "duration": 0.001, "success": true, "status_code": 200}
{"timestamp": "2025-07-05T01:28:00.474232", "level": "INFO", "logger": "MercariPlatform", "message": "Successfully authenticated with Mercari API", "module": "mercari", "function": "authenticate", "line": 80}
{"timestamp": "2025-07-05T01:28:07.213137", "level": "INFO", "logger": "VintedOAuthManager", "message": "OAuth tokens initialized", "module": "oauth_manager", "function": "initialize_tokens", "line": 43}
{"timestamp": "2025-07-05T01:28:07.213702", "level": "INFO", "logger": "VintedPlatform", "message": "API call to vinted GET - SUCCESS", "module": "logger", "function": "log_api_call", "line": 90, "event_type": "api_call", "platform": "vinted", "method": "GET", "url": "https://api.vinted.com/v1/user/profile", "duration": 0.0, "success": true, "status_code": 200}
{"timestamp": "2025-07-05T01:28:07.213809", "level": "INFO", "logger": "VintedPlatform", "message": "Successfully authenticated with Vinted API as user test_user", "module": "vinted", "function": "authenticate", "line": 125}
{"timestamp": "2025-07-05T01:29:28.072848", "level": "INFO", "logger": "CrossListingService", "message": "Initialized platform: mercari", "module": "cross_listing_service", "function": "_initialize_platforms", "line": 49}
{"timestamp": "2025-07-05T01:29:28.073027", "level": "INFO", "logger": "VintedOAuthManager", "message": "OAuth tokens initialized", "module": "oauth_manager", "function": "initialize_tokens", "line": 43}
{"timestamp": "2025-07-05T01:29:28.073075", "level": "INFO", "logger": "CrossListingService", "message": "Initialized platform: vinted", "module": "cross_listing_service", "function": "_initialize_platforms", "line": 49}
{"timestamp": "2025-07-05T01:29:28.073153", "level": "INFO", "logger": "CrossListingService", "message": "Initialized platform: facebook_marketplace", "module": "cross_listing_service", "function": "_initialize_platforms", "line": 49}
{"timestamp": "2025-07-05T01:29:28.073193", "level": "INFO", "logger": "CrossListingService", "message": "CrossListingService initialized with 3 platforms", "module": "cross_listing_service", "function": "__init__", "line": 28}
{"timestamp": "2025-07-05T01:29:28.076002", "level": "INFO", "logger": "CrossListingService", "message": "Initialized platform: mercari", "module": "cross_listing_service", "function": "_initialize_platforms", "line": 49}
{"timestamp": "2025-07-05T01:29:28.076158", "level": "INFO", "logger": "VintedOAuthManager", "message": "OAuth tokens initialized", "module": "oauth_manager", "function": "initialize_tokens", "line": 43}
{"timestamp": "2025-07-05T01:29:28.076201", "level": "INFO", "logger": "CrossListingService", "message": "Initialized platform: vinted", "module": "cross_listing_service", "function": "_initialize_platforms", "line": 49}
{"timestamp": "2025-07-05T01:29:28.076278", "level": "INFO", "logger": "CrossListingService", "message": "Initialized platform: facebook_marketplace", "module": "cross_listing_service", "function": "_initialize_platforms", "line": 49}
{"timestamp": "2025-07-05T01:29:28.076313", "level": "INFO", "logger": "CrossListingService", "message": "CrossListingService initialized with 3 platforms", "module": "cross_listing_service", "function": "__init__", "line": 28}
{"timestamp": "2025-07-05T01:29:28.080116", "level": "INFO", "logger": "CrossListingService", "message": "Initialized platform: mercari", "module": "cross_listing_service", "function": "_initialize_platforms", "line": 49}
{"timestamp": "2025-07-05T01:29:28.080295", "level": "INFO", "logger": "VintedOAuthManager", "message": "OAuth tokens initialized", "module": "oauth_manager", "function": "initialize_tokens", "line": 43}
{"timestamp": "2025-07-05T01:29:28.080340", "level": "INFO", "logger": "CrossListingService", "message": "Initialized platform: vinted", "module": "cross_listing_service", "function": "_initialize_platforms", "line": 49}
{"timestamp": "2025-07-05T01:29:28.080418", "level": "INFO", "logger": "CrossListingService", "message": "Initialized platform: facebook_marketplace", "module": "cross_listing_service", "function": "_initialize_platforms", "line": 49}
{"timestamp": "2025-07-05T01:29:28.080449", "level": "INFO", "logger": "CrossListingService", "message": "CrossListingService initialized with 3 platforms", "module": "cross_listing_service", "function": "__init__", "line": 28}
{"timestamp": "2025-07-05T01:29:28.080763", "level": "INFO", "logger": "CrossListingService", "message": "Performance: get_sales_report took 0.000s for 1 items", "module": "logger", "function": "log_performance", "line": 178, "event_type": "performance", "operation": "get_sales_report", "duration": 0.0, "items_count": 1, "items_per_second": 25420.02}
{"timestamp": "2025-07-05T01:29:28.083580", "level": "INFO", "logger": "CrossListingService", "message": "Initialized platform: mercari", "module": "cross_listing_service", "function": "_initialize_platforms", "line": 49}
{"timestamp": "2025-07-05T01:29:28.083736", "level": "INFO", "logger": "VintedOAuthManager", "message": "OAuth tokens initialized", "module": "oauth_manager", "function": "initialize_tokens", "line": 43}
{"timestamp": "2025-07-05T01:29:28.083780", "level": "INFO", "logger": "CrossListingService", "message": "Initialized platform: vinted", "module": "cross_listing_service", "function": "_initialize_platforms", "line": 49}
{"timestamp": "2025-07-05T01:29:28.083862", "level": "INFO", "logger": "CrossListingService", "message": "Initialized platform: facebook_marketplace", "module": "cross_listing_service", "function": "_initialize_platforms", "line": 49}
{"timestamp": "2025-07-05T01:29:28.083899", "level": "INFO", "logger": "CrossListingService", "message": "CrossListingService initialized with 3 platforms", "module": "cross_listing_service", "function": "__init__", "line": 28}
{"timestamp": "2025-07-05T01:29:28.087073", "level": "INFO", "logger": "CrossListingService", "message": "Initialized platform: mercari", "module": "cross_listing_service", "function": "_initialize_platforms", "line": 49}
{"timestamp": "2025-07-05T01:29:28.087496", "level": "INFO", "logger": "VintedOAuthManager", "message": "OAuth tokens initialized", "module": "oauth_manager", "function": "initialize_tokens", "line": 43}
{"timestamp": "2025-07-05T01:29:28.087552", "level": "INFO", "logger": "CrossListingService", "message": "Initialized platform: vinted", "module": "cross_listing_service", "function": "_initialize_platforms", "line": 49}
{"timestamp": "2025-07-05T01:29:28.087642", "level": "INFO", "logger": "CrossListingService", "message": "Initialized platform: facebook_marketplace", "module": "cross_listing_service", "function": "_initialize_platforms", "line": 49}
{"timestamp": "2025-07-05T01:29:28.087677", "level": "INFO", "logger": "CrossListingService", "message": "CrossListingService initialized with 3 platforms", "module": "cross_listing_service", "function": "__init__", "line": 28}
{"timestamp": "2025-07-05T01:29:28.090424", "level": "INFO", "logger": "CrossListingService", "message": "Initialized platform: mercari", "module": "cross_listing_service", "function": "_initialize_platforms", "line": 49}
{"timestamp": "2025-07-05T01:29:28.090579", "level": "INFO", "logger": "VintedOAuthManager", "message": "OAuth tokens initialized", "module": "oauth_manager", "function": "initialize_tokens", "line": 43}
{"timestamp": "2025-07-05T01:29:28.090625", "level": "INFO", "logger": "CrossListingService", "message": "Initialized platform: vinted", "module": "cross_listing_service", "function": "_initialize_platforms", "line": 49}
{"timestamp": "2025-07-05T01:29:28.090707", "level": "INFO", "logger": "CrossListingService", "message": "Initialized platform: facebook_marketplace", "module": "cross_listing_service", "function": "_initialize_platforms", "line": 49}
{"timestamp": "2025-07-05T01:29:28.090743", "level": "INFO", "logger": "CrossListingService", "message": "CrossListingService initialized with 3 platforms", "module": "cross_listing_service", "function": "__init__", "line": 28}
{"timestamp": "2025-07-05T01:30:33.827160", "level": "INFO", "logger": "CrossListingService", "message": "Initialized platform: mercari", "module": "cross_listing_service", "function": "_initialize_platforms", "line": 49}
{"timestamp": "2025-07-05T01:30:33.827337", "level": "INFO", "logger": "VintedOAuthManager", "message": "OAuth tokens initialized", "module": "oauth_manager", "function": "initialize_tokens", "line": 43}
{"timestamp": "2025-07-05T01:30:33.827383", "level": "INFO", "logger": "CrossListingService", "message": "Initialized platform: vinted", "module": "cross_listing_service", "function": "_initialize_platforms", "line": 49}
{"timestamp": "2025-07-05T01:30:33.827463", "level": "INFO", "logger": "CrossListingService", "message": "Initialized platform: facebook_marketplace", "module": "cross_listing_service", "function": "_initialize_platforms", "line": 49}
{"timestamp": "2025-07-05T01:30:33.827500", "level": "INFO", "logger": "CrossListingService", "message": "CrossListingService initialized with 3 platforms", "module": "cross_listing_service", "function": "__init__", "line": 28}
{"timestamp": "2025-07-05T01:30:33.830410", "level": "INFO", "logger": "CrossListingService", "message": "Initialized platform: mercari", "module": "cross_listing_service", "function": "_initialize_platforms", "line": 49}
{"timestamp": "2025-07-05T01:30:33.830567", "level": "INFO", "logger": "VintedOAuthManager", "message": "OAuth tokens initialized", "module": "oauth_manager", "function": "initialize_tokens", "line": 43}
{"timestamp": "2025-07-05T01:30:33.830609", "level": "INFO", "logger": "CrossListingService", "message": "Initialized platform: vinted", "module": "cross_listing_service", "function": "_initialize_platforms", "line": 49}
{"timestamp": "2025-07-05T01:30:33.830686", "level": "INFO", "logger": "CrossListingService", "message": "Initialized platform: facebook_marketplace", "module": "cross_listing_service", "function": "_initialize_platforms", "line": 49}
{"timestamp": "2025-07-05T01:30:33.830720", "level": "INFO", "logger": "CrossListingService", "message": "CrossListingService initialized with 3 platforms", "module": "cross_listing_service", "function": "__init__", "line": 28}
{"timestamp": "2025-07-05T01:30:33.831740", "level": "INFO", "logger": "CrossListingService", "message": "Performance: create_cross_listing took 0.000s for 2 items", "module": "logger", "function": "log_performance", "line": 178, "event_type": "performance", "operation": "create_cross_listing", "duration": 0.0, "items_count": 2, "items_per_second": 5529.74}
{"timestamp": "2025-07-05T01:30:33.831826", "level": "INFO", "logger": "CrossListingService", "message": "Listing cross_create for supreme_test_001 on multiple - SUCCESS", "module": "logger", "function": "log_listing_operation", "line": 114, "event_type": "listing_operation", "operation": "cross_create", "platform": "multiple", "item_id": "supreme_test_001", "listing_id": null, "success": true}
{"timestamp": "2025-07-05T01:30:33.835250", "level": "INFO", "logger": "CrossListingService", "message": "Initialized platform: mercari", "module": "cross_listing_service", "function": "_initialize_platforms", "line": 49}
{"timestamp": "2025-07-05T01:30:33.835436", "level": "INFO", "logger": "VintedOAuthManager", "message": "OAuth tokens initialized", "module": "oauth_manager", "function": "initialize_tokens", "line": 43}
{"timestamp": "2025-07-05T01:30:33.835480", "level": "INFO", "logger": "CrossListingService", "message": "Initialized platform: vinted", "module": "cross_listing_service", "function": "_initialize_platforms", "line": 49}
{"timestamp": "2025-07-05T01:30:33.835560", "level": "INFO", "logger": "CrossListingService", "message": "Initialized platform: facebook_marketplace", "module": "cross_listing_service", "function": "_initialize_platforms", "line": 49}
{"timestamp": "2025-07-05T01:30:33.835595", "level": "INFO", "logger": "CrossListingService", "message": "CrossListingService initialized with 3 platforms", "module": "cross_listing_service", "function": "__init__", "line": 28}
{"timestamp": "2025-07-05T01:30:33.835909", "level": "INFO", "logger": "CrossListingService", "message": "Performance: get_sales_report took 0.000s for 1 items", "module": "logger", "function": "log_performance", "line": 178, "event_type": "performance", "operation": "get_sales_report", "duration": 0.0, "items_count": 1, "items_per_second": 27776.85}
{"timestamp": "2025-07-05T01:30:33.838805", "level": "INFO", "logger": "CrossListingService", "message": "Initialized platform: mercari", "module": "cross_listing_service", "function": "_initialize_platforms", "line": 49}
{"timestamp": "2025-07-05T01:30:33.838954", "level": "INFO", "logger": "VintedOAuthManager", "message": "OAuth tokens initialized", "module": "oauth_manager", "function": "initialize_tokens", "line": 43}
{"timestamp": "2025-07-05T01:30:33.839000", "level": "INFO", "logger": "CrossListingService", "message": "Initialized platform: vinted", "module": "cross_listing_service", "function": "_initialize_platforms", "line": 49}
{"timestamp": "2025-07-05T01:30:33.839078", "level": "INFO", "logger": "CrossListingService", "message": "Initialized platform: facebook_marketplace", "module": "cross_listing_service", "function": "_initialize_platforms", "line": 49}
{"timestamp": "2025-07-05T01:30:33.839111", "level": "INFO", "logger": "CrossListingService", "message": "CrossListingService initialized with 3 platforms", "module": "cross_listing_service", "function": "__init__", "line": 28}
{"timestamp": "2025-07-05T01:30:33.842172", "level": "INFO", "logger": "CrossListingService", "message": "Initialized platform: mercari", "module": "cross_listing_service", "function": "_initialize_platforms", "line": 49}
{"timestamp": "2025-07-05T01:30:33.842350", "level": "INFO", "logger": "VintedOAuthManager", "message": "OAuth tokens initialized", "module": "oauth_manager", "function": "initialize_tokens", "line": 43}
{"timestamp": "2025-07-05T01:30:33.842394", "level": "INFO", "logger": "CrossListingService", "message": "Initialized platform: vinted", "module": "cross_listing_service", "function": "_initialize_platforms", "line": 49}
{"timestamp": "2025-07-05T01:30:33.842480", "level": "INFO", "logger": "CrossListingService", "message": "Initialized platform: facebook_marketplace", "module": "cross_listing_service", "function": "_initialize_platforms", "line": 49}
{"timestamp": "2025-07-05T01:30:33.842520", "level": "INFO", "logger": "CrossListingService", "message": "CrossListingService initialized with 3 platforms", "module": "cross_listing_service", "function": "__init__", "line": 28}
{"timestamp": "2025-07-05T01:30:33.845303", "level": "INFO", "logger": "CrossListingService", "message": "Initialized platform: mercari", "module": "cross_listing_service", "function": "_initialize_platforms", "line": 49}
{"timestamp": "2025-07-05T01:30:33.845451", "level": "INFO", "logger": "VintedOAuthManager", "message": "OAuth tokens initialized", "module": "oauth_manager", "function": "initialize_tokens", "line": 43}
{"timestamp": "2025-07-05T01:30:33.845489", "level": "INFO", "logger": "CrossListingService", "message": "Initialized platform: vinted", "module": "cross_listing_service", "function": "_initialize_platforms", "line": 49}
{"timestamp": "2025-07-05T01:30:33.845564", "level": "INFO", "logger": "CrossListingService", "message": "Initialized platform: facebook_marketplace", "module": "cross_listing_service", "function": "_initialize_platforms", "line": 49}
{"timestamp": "2025-07-05T01:30:33.845594", "level": "INFO", "logger": "CrossListingService", "message": "CrossListingService initialized with 3 platforms", "module": "cross_listing_service", "function": "__init__", "line": 28}
{"timestamp": "2025-07-05T01:30:33.846241", "level": "INFO", "logger": "CrossListingService", "message": "Performance: create_cross_listing took 0.000s for 1 items", "module": "logger", "function": "log_performance", "line": 178, "event_type": "performance", "operation": "create_cross_listing", "duration": 0.0, "items_count": 1, "items_per_second": 5329.48}
{"timestamp": "2025-07-05T01:30:33.846315", "level": "INFO", "logger": "CrossListingService", "message": "Listing cross_create for perf_test_0 on multiple - SUCCESS", "module": "logger", "function": "log_listing_operation", "line": 114, "event_type": "listing_operation", "operation": "cross_create", "platform": "multiple", "item_id": "perf_test_0", "listing_id": null, "success": true}
{"timestamp": "2025-07-05T01:30:33.846503", "level": "INFO", "logger": "CrossListingService", "message": "Performance: create_cross_listing took 0.000s for 1 items", "module": "logger", "function": "log_performance", "line": 178, "event_type": "performance", "operation": "create_cross_listing", "duration": 0.0, "items_count": 1, "items_per_second": 7269.16}
{"timestamp": "2025-07-05T01:30:33.846550", "level": "INFO", "logger": "CrossListingService", "message": "Listing cross_create for perf_test_1 on multiple - SUCCESS", "module": "logger", "function": "log_listing_operation", "line": 114, "event_type": "listing_operation", "operation": "cross_create", "platform": "multiple", "item_id": "perf_test_1", "listing_id": null, "success": true}
{"timestamp": "2025-07-05T01:30:33.846687", "level": "INFO", "logger": "CrossListingService", "message": "Performance: create_cross_listing took 0.000s for 1 items", "module": "logger", "function": "log_performance", "line": 178, "event_type": "performance", "operation": "create_cross_listing", "duration": 0.0, "items_count": 1, "items_per_second": 10230.01}
{"timestamp": "2025-07-05T01:30:33.846727", "level": "INFO", "logger": "CrossListingService", "message": "Listing cross_create for perf_test_2 on multiple - SUCCESS", "module": "logger", "function": "log_listing_operation", "line": 114, "event_type": "listing_operation", "operation": "cross_create", "platform": "multiple", "item_id": "perf_test_2", "listing_id": null, "success": true}
{"timestamp": "2025-07-05T01:30:33.846848", "level": "INFO", "logger": "CrossListingService", "message": "Performance: create_cross_listing took 0.000s for 1 items", "module": "logger", "function": "log_performance", "line": 178, "event_type": "performance", "operation": "create_cross_listing", "duration": 0.0, "items_count": 1, "items_per_second": 11683.3}
{"timestamp": "2025-07-05T01:30:33.846888", "level": "INFO", "logger": "CrossListingService", "message": "Listing cross_create for perf_test_3 on multiple - SUCCESS", "module": "logger", "function": "log_listing_operation", "line": 114, "event_type": "listing_operation", "operation": "cross_create", "platform": "multiple", "item_id": "perf_test_3", "listing_id": null, "success": true}
{"timestamp": "2025-07-05T01:30:33.847052", "level": "INFO", "logger": "CrossListingService", "message": "Performance: create_cross_listing took 0.000s for 1 items", "module": "logger", "function": "log_performance", "line": 178, "event_type": "performance", "operation": "create_cross_listing", "duration": 0.0, "items_count": 1, "items_per_second": 8322.03}
{"timestamp": "2025-07-05T01:30:33.847144", "level": "INFO", "logger": "CrossListingService", "message": "Listing cross_create for perf_test_4 on multiple - SUCCESS", "module": "logger", "function": "log_listing_operation", "line": 114, "event_type": "listing_operation", "operation": "cross_create", "platform": "multiple", "item_id": "perf_test_4", "listing_id": null, "success": true}
{"timestamp": "2025-07-05T01:30:52.291571", "level": "INFO", "logger": "CrossListingService", "message": "Initialized platform: mercari", "module": "cross_listing_service", "function": "_initialize_platforms", "line": 49}
{"timestamp": "2025-07-05T01:30:52.291741", "level": "INFO", "logger": "VintedOAuthManager", "message": "OAuth tokens initialized", "module": "oauth_manager", "function": "initialize_tokens", "line": 43}
{"timestamp": "2025-07-05T01:30:52.291788", "level": "INFO", "logger": "CrossListingService", "message": "Initialized platform: vinted", "module": "cross_listing_service", "function": "_initialize_platforms", "line": 49}
{"timestamp": "2025-07-05T01:30:52.291862", "level": "INFO", "logger": "CrossListingService", "message": "Initialized platform: facebook_marketplace", "module": "cross_listing_service", "function": "_initialize_platforms", "line": 49}
{"timestamp": "2025-07-05T01:30:52.291895", "level": "INFO", "logger": "CrossListingService", "message": "CrossListingService initialized with 3 platforms", "module": "cross_listing_service", "function": "__init__", "line": 28}
{"timestamp": "2025-07-05T01:30:52.294641", "level": "INFO", "logger": "CrossListingService", "message": "Initialized platform: mercari", "module": "cross_listing_service", "function": "_initialize_platforms", "line": 49}
{"timestamp": "2025-07-05T01:30:52.294781", "level": "INFO", "logger": "VintedOAuthManager", "message": "OAuth tokens initialized", "module": "oauth_manager", "function": "initialize_tokens", "line": 43}
{"timestamp": "2025-07-05T01:30:52.294818", "level": "INFO", "logger": "CrossListingService", "message": "Initialized platform: vinted", "module": "cross_listing_service", "function": "_initialize_platforms", "line": 49}
{"timestamp": "2025-07-05T01:30:52.294889", "level": "INFO", "logger": "CrossListingService", "message": "Initialized platform: facebook_marketplace", "module": "cross_listing_service", "function": "_initialize_platforms", "line": 49}
{"timestamp": "2025-07-05T01:30:52.294920", "level": "INFO", "logger": "CrossListingService", "message": "CrossListingService initialized with 3 platforms", "module": "cross_listing_service", "function": "__init__", "line": 28}
{"timestamp": "2025-07-05T01:30:52.295924", "level": "INFO", "logger": "CrossListingService", "message": "Performance: create_cross_listing took 0.000s for 2 items", "module": "logger", "function": "log_performance", "line": 178, "event_type": "performance", "operation": "create_cross_listing", "duration": 0.0, "items_count": 2, "items_per_second": 5974.79}
{"timestamp": "2025-07-05T01:30:52.296011", "level": "INFO", "logger": "CrossListingService", "message": "Listing cross_create for supreme_test_001 on multiple - SUCCESS", "module": "logger", "function": "log_listing_operation", "line": 114, "event_type": "listing_operation", "operation": "cross_create", "platform": "multiple", "item_id": "supreme_test_001", "listing_id": null, "success": true}
{"timestamp": "2025-07-05T01:30:52.296301", "level": "INFO", "logger": "CrossListingService", "message": "Performance: update_cross_listing took 0.000s for 2 items", "module": "logger", "function": "log_performance", "line": 178, "event_type": "performance", "operation": "update_cross_listing", "duration": 0.0, "items_count": 2, "items_per_second": 11184.81}
{"timestamp": "2025-07-05T01:30:52.296564", "level": "INFO", "logger": "CrossListingService", "message": "Performance: delete_cross_listing took 0.000s for 2 items", "module": "logger", "function": "log_performance", "line": 178, "event_type": "performance", "operation": "delete_cross_listing", "duration": 0.0, "items_count": 2, "items_per_second": 10658.97}
{"timestamp": "2025-07-05T01:30:52.299749", "level": "INFO", "logger": "CrossListingService", "message": "Initialized platform: mercari", "module": "cross_listing_service", "function": "_initialize_platforms", "line": 49}
{"timestamp": "2025-07-05T01:30:52.299930", "level": "INFO", "logger": "VintedOAuthManager", "message": "OAuth tokens initialized", "module": "oauth_manager", "function": "initialize_tokens", "line": 43}
{"timestamp": "2025-07-05T01:30:52.299976", "level": "INFO", "logger": "CrossListingService", "message": "Initialized platform: vinted", "module": "cross_listing_service", "function": "_initialize_platforms", "line": 49}
{"timestamp": "2025-07-05T01:30:52.300078", "level": "INFO", "logger": "CrossListingService", "message": "Initialized platform: facebook_marketplace", "module": "cross_listing_service", "function": "_initialize_platforms", "line": 49}
{"timestamp": "2025-07-05T01:30:52.300115", "level": "INFO", "logger": "CrossListingService", "message": "CrossListingService initialized with 3 platforms", "module": "cross_listing_service", "function": "__init__", "line": 28}
{"timestamp": "2025-07-05T01:30:52.300527", "level": "INFO", "logger": "CrossListingService", "message": "Performance: get_sales_report took 0.000s for 1 items", "module": "logger", "function": "log_performance", "line": 178, "event_type": "performance", "operation": "get_sales_report", "duration": 0.0, "items_count": 1, "items_per_second": 22075.28}
{"timestamp": "2025-07-05T01:30:52.303419", "level": "INFO", "logger": "CrossListingService", "message": "Initialized platform: mercari", "module": "cross_listing_service", "function": "_initialize_platforms", "line": 49}
{"timestamp": "2025-07-05T01:30:52.303567", "level": "INFO", "logger": "VintedOAuthManager", "message": "OAuth tokens initialized", "module": "oauth_manager", "function": "initialize_tokens", "line": 43}
{"timestamp": "2025-07-05T01:30:52.303609", "level": "INFO", "logger": "CrossListingService", "message": "Initialized platform: vinted", "module": "cross_listing_service", "function": "_initialize_platforms", "line": 49}
{"timestamp": "2025-07-05T01:30:52.303707", "level": "INFO", "logger": "CrossListingService", "message": "Initialized platform: facebook_marketplace", "module": "cross_listing_service", "function": "_initialize_platforms", "line": 49}
{"timestamp": "2025-07-05T01:30:52.303755", "level": "INFO", "logger": "CrossListingService", "message": "CrossListingService initialized with 3 platforms", "module": "cross_listing_service", "function": "__init__", "line": 28}
{"timestamp": "2025-07-05T01:30:52.306828", "level": "INFO", "logger": "CrossListingService", "message": "Initialized platform: mercari", "module": "cross_listing_service", "function": "_initialize_platforms", "line": 49}
{"timestamp": "2025-07-05T01:30:52.306981", "level": "INFO", "logger": "VintedOAuthManager", "message": "OAuth tokens initialized", "module": "oauth_manager", "function": "initialize_tokens", "line": 43}
{"timestamp": "2025-07-05T01:30:52.307024", "level": "INFO", "logger": "CrossListingService", "message": "Initialized platform: vinted", "module": "cross_listing_service", "function": "_initialize_platforms", "line": 49}
{"timestamp": "2025-07-05T01:30:52.307105", "level": "INFO", "logger": "CrossListingService", "message": "Initialized platform: facebook_marketplace", "module": "cross_listing_service", "function": "_initialize_platforms", "line": 49}
{"timestamp": "2025-07-05T01:30:52.307144", "level": "INFO", "logger": "CrossListingService", "message": "CrossListingService initialized with 3 platforms", "module": "cross_listing_service", "function": "__init__", "line": 28}
{"timestamp": "2025-07-05T01:30:52.309942", "level": "INFO", "logger": "CrossListingService", "message": "Initialized platform: mercari", "module": "cross_listing_service", "function": "_initialize_platforms", "line": 49}
{"timestamp": "2025-07-05T01:30:52.310098", "level": "INFO", "logger": "VintedOAuthManager", "message": "OAuth tokens initialized", "module": "oauth_manager", "function": "initialize_tokens", "line": 43}
{"timestamp": "2025-07-05T01:30:52.310139", "level": "INFO", "logger": "CrossListingService", "message": "Initialized platform: vinted", "module": "cross_listing_service", "function": "_initialize_platforms", "line": 49}
{"timestamp": "2025-07-05T01:30:52.310220", "level": "INFO", "logger": "CrossListingService", "message": "Initialized platform: facebook_marketplace", "module": "cross_listing_service", "function": "_initialize_platforms", "line": 49}
{"timestamp": "2025-07-05T01:30:52.310252", "level": "INFO", "logger": "CrossListingService", "message": "CrossListingService initialized with 3 platforms", "module": "cross_listing_service", "function": "__init__", "line": 28}
{"timestamp": "2025-07-05T01:30:52.311475", "level": "INFO", "logger": "CrossListingService", "message": "Performance: create_cross_listing took 0.001s for 1 items", "module": "logger", "function": "log_performance", "line": 178, "event_type": "performance", "operation": "create_cross_listing", "duration": 0.001, "items_count": 1, "items_per_second": 1305.82}
{"timestamp": "2025-07-05T01:30:52.311571", "level": "INFO", "logger": "CrossListingService", "message": "Listing cross_create for perf_test_0 on multiple - SUCCESS", "module": "logger", "function": "log_listing_operation", "line": 114, "event_type": "listing_operation", "operation": "cross_create", "platform": "multiple", "item_id": "perf_test_0", "listing_id": null, "success": true}
{"timestamp": "2025-07-05T01:30:52.312100", "level": "INFO", "logger": "CrossListingService", "message": "Performance: create_cross_listing took 0.000s for 1 items", "module": "logger", "function": "log_performance", "line": 178, "event_type": "performance", "operation": "create_cross_listing", "duration": 0.0, "items_count": 1, "items_per_second": 2111.94}
{"timestamp": "2025-07-05T01:30:52.312209", "level": "INFO", "logger": "CrossListingService", "message": "Listing cross_create for perf_test_1 on multiple - SUCCESS", "module": "logger", "function": "log_listing_operation", "line": 114, "event_type": "listing_operation", "operation": "cross_create", "platform": "multiple", "item_id": "perf_test_1", "listing_id": null, "success": true}
{"timestamp": "2025-07-05T01:30:52.313002", "level": "INFO", "logger": "CrossListingService", "message": "Performance: create_cross_listing took 0.001s for 1 items", "module": "logger", "function": "log_performance", "line": 178, "event_type": "performance", "operation": "create_cross_listing", "duration": 0.001, "items_count": 1, "items_per_second": 1393.92}
{"timestamp": "2025-07-05T01:30:52.313099", "level": "INFO", "logger": "CrossListingService", "message": "Listing cross_create for perf_test_2 on multiple - SUCCESS", "module": "logger", "function": "log_listing_operation", "line": 114, "event_type": "listing_operation", "operation": "cross_create", "platform": "multiple", "item_id": "perf_test_2", "listing_id": null, "success": true}
{"timestamp": "2025-07-05T01:30:52.313284", "level": "INFO", "logger": "CrossListingService", "message": "Performance: create_cross_listing took 0.000s for 1 items", "module": "logger", "function": "log_performance", "line": 178, "event_type": "performance", "operation": "create_cross_listing", "duration": 0.0, "items_count": 1, "items_per_second": 7639.9}
{"timestamp": "2025-07-05T01:30:52.313339", "level": "INFO", "logger": "CrossListingService", "message": "Listing cross_create for perf_test_3 on multiple - SUCCESS", "module": "logger", "function": "log_listing_operation", "line": 114, "event_type": "listing_operation", "operation": "cross_create", "platform": "multiple", "item_id": "perf_test_3", "listing_id": null, "success": true}
{"timestamp": "2025-07-05T01:30:52.313518", "level": "INFO", "logger": "CrossListingService", "message": "Performance: create_cross_listing took 0.000s for 1 items", "module": "logger", "function": "log_performance", "line": 178, "event_type": "performance", "operation": "create_cross_listing", "duration": 0.0, "items_count": 1, "items_per_second": 7667.83}
{"timestamp": "2025-07-05T01:30:52.313563", "level": "INFO", "logger": "CrossListingService", "message": "Listing cross_create for perf_test_4 on multiple - SUCCESS", "module": "logger", "function": "log_listing_operation", "line": 114, "event_type": "listing_operation", "operation": "cross_create", "platform": "multiple", "item_id": "perf_test_4", "listing_id": null, "success": true}
{"timestamp": "2025-07-05T01:31:16.377822", "level": "INFO", "logger": "CrossListingService", "message": "Initialized platform: mercari", "module": "cross_listing_service", "function": "_initialize_platforms", "line": 49}
{"timestamp": "2025-07-05T01:31:16.377994", "level": "INFO", "logger": "VintedOAuthManager", "message": "OAuth tokens initialized", "module": "oauth_manager", "function": "initialize_tokens", "line": 43}
{"timestamp": "2025-07-05T01:31:16.378037", "level": "INFO", "logger": "CrossListingService", "message": "Initialized platform: vinted", "module": "cross_listing_service", "function": "_initialize_platforms", "line": 49}
{"timestamp": "2025-07-05T01:31:16.378107", "level": "INFO", "logger": "CrossListingService", "message": "Initialized platform: facebook_marketplace", "module": "cross_listing_service", "function": "_initialize_platforms", "line": 49}
{"timestamp": "2025-07-05T01:31:16.378139", "level": "INFO", "logger": "CrossListingService", "message": "CrossListingService initialized with 3 platforms", "module": "cross_listing_service", "function": "__init__", "line": 28}
{"timestamp": "2025-07-05T01:31:16.689740", "level": "ERROR", "logger": "MercariPlatform", "message": "Error: HTTPSConnectionPool(host='api-sandbox.mercari.com', port=443): Max retries exceeded with url: /v1/user/profile (Caused by NameResolutionError(\"<urllib3.connection.HTTPSConnection object at 0x71f26c1a5ed0>: Failed to resolve 'api-sandbox.mercari.com' ([Errno -2] Name or service not known)\"))", "module": "logger", "function": "log_error", "line": 154, "event_type": "error", "error_type": "ConnectionError", "error_message": "HTTPSConnectionPool(host='api-sandbox.mercari.com', port=443): Max retries exceeded with url: /v1/user/profile (Caused by NameResolutionError(\"<urllib3.connection.HTTPSConnection object at 0x71f26c1a5ed0>: Failed to resolve 'api-sandbox.mercari.com' ([Errno -2] Name or service not known)\"))", "context": {"operation": "authenticate", "platform": "mercari"}}
{"timestamp": "2025-07-05T01:31:16.690267", "level": "ERROR", "logger": "CrossListingService", "message": "Error: Authentication failed", "module": "logger", "function": "log_error", "line": 154, "event_type": "error", "error_type": "Exception", "error_message": "Authentication failed", "context": {"operation": "create_single_listing", "platform": "mercari", "item_id": "test_item_001"}}
{"timestamp": "2025-07-05T01:31:16.690761", "level": "INFO", "logger": "CrossListingService", "message": "Performance: create_cross_listing took 0.313s for 1 items", "module": "logger", "function": "log_performance", "line": 178, "event_type": "performance", "operation": "create_cross_listing", "duration": 0.313, "items_count": 1, "items_per_second": 3.2}
{"timestamp": "2025-07-05T01:31:16.691009", "level": "ERROR", "logger": "CrossListingService", "message": "Listing cross_create for test_item_001 on multiple - FAILED", "module": "logger", "function": "log_listing_operation", "line": 116, "event_type": "listing_operation", "operation": "cross_create", "platform": "multiple", "item_id": "test_item_001", "listing_id": null, "success": false, "error": "Failed on 1 platforms"}
{"timestamp": "2025-07-05T01:31:23.284555", "level": "INFO", "logger": "CrossListingService", "message": "Initialized platform: mercari", "module": "cross_listing_service", "function": "_initialize_platforms", "line": 49}
{"timestamp": "2025-07-05T01:31:23.284724", "level": "INFO", "logger": "VintedOAuthManager", "message": "OAuth tokens initialized", "module": "oauth_manager", "function": "initialize_tokens", "line": 43}
{"timestamp": "2025-07-05T01:31:23.284769", "level": "INFO", "logger": "CrossListingService", "message": "Initialized platform: vinted", "module": "cross_listing_service", "function": "_initialize_platforms", "line": 49}
{"timestamp": "2025-07-05T01:31:23.284847", "level": "INFO", "logger": "CrossListingService", "message": "Initialized platform: facebook_marketplace", "module": "cross_listing_service", "function": "_initialize_platforms", "line": 49}
{"timestamp": "2025-07-05T01:31:23.284881", "level": "INFO", "logger": "CrossListingService", "message": "CrossListingService initialized with 3 platforms", "module": "cross_listing_service", "function": "__init__", "line": 28}
{"timestamp": "2025-07-05T01:31:23.553471", "level": "ERROR", "logger": "MercariPlatform", "message": "Error: HTTPSConnectionPool(host='api-sandbox.mercari.com', port=443): Max retries exceeded with url: /v1/user/profile (Caused by NameResolutionError(\"<urllib3.connection.HTTPSConnection object at 0x788b02ee9f90>: Failed to resolve 'api-sandbox.mercari.com' ([Errno -2] Name or service not known)\"))", "module": "logger", "function": "log_error", "line": 154, "event_type": "error", "error_type": "ConnectionError", "error_message": "HTTPSConnectionPool(host='api-sandbox.mercari.com', port=443): Max retries exceeded with url: /v1/user/profile (Caused by NameResolutionError(\"<urllib3.connection.HTTPSConnection object at 0x788b02ee9f90>: Failed to resolve 'api-sandbox.mercari.com' ([Errno -2] Name or service not known)\"))", "context": {"operation": "authenticate", "platform": "mercari"}}
{"timestamp": "2025-07-05T01:31:23.553962", "level": "ERROR", "logger": "CrossListingService", "message": "Error: Authentication failed", "module": "logger", "function": "log_error", "line": 154, "event_type": "error", "error_type": "Exception", "error_message": "Authentication failed", "context": {"operation": "get_sales_report", "platform": "mercari"}}
{"timestamp": "2025-07-05T01:31:40.725912", "level": "ERROR", "logger": "VintedPlatform", "message": "API call to vinted GET - FAILED", "module": "logger", "function": "log_api_call", "line": 92, "event_type": "api_call", "platform": "vinted", "method": "GET", "url": "https://api.vinted.com/v1/user/profile", "duration": 17.171, "success": false, "status_code": 404}
{"timestamp": "2025-07-05T01:31:40.726251", "level": "ERROR", "logger": "VintedPlatform", "message": "Vinted authentication failed: ", "module": "vinted", "function": "authenticate", "line": 128}
{"timestamp": "2025-07-05T01:31:40.727468", "level": "ERROR", "logger": "CrossListingService", "message": "Error: Authentication failed", "module": "logger", "function": "log_error", "line": 154, "event_type": "error", "error_type": "Exception", "error_message": "Authentication failed", "context": {"operation": "get_sales_report", "platform": "vinted"}}
{"timestamp": "2025-07-05T01:31:41.105076", "level": "ERROR", "logger": "FacebookMarketplacePlatform", "message": "API call to facebook_marketplace GET - FAILED", "module": "logger", "function": "log_api_call", "line": 92, "event_type": "api_call", "platform": "facebook_marketplace", "method": "GET", "url": "https://graph.facebook.com/v18.0/me", "duration": 0.377, "success": false, "status_code": 400, "error": "{\"error\":{\"message\":\"Invalid OAuth access token - Cannot parse access token\",\"type\":\"OAuthException\",\"code\":190,\"fbtrace_id\":\"Avb0VD07lUPlO82yVkGIZAR\"}}"}
{"timestamp": "2025-07-05T01:31:41.105415", "level": "ERROR", "logger": "FacebookMarketplacePlatform", "message": "Facebook authentication failed: {\"error\":{\"message\":\"Invalid OAuth access token - Cannot parse access token\",\"type\":\"OAuthException\",\"code\":190,\"fbtrace_id\":\"Avb0VD07lUPlO82yVkGIZAR\"}}", "module": "facebook_marketplace", "function": "authenticate", "line": 89}
{"timestamp": "2025-07-05T01:31:41.106439", "level": "ERROR", "logger": "CrossListingService", "message": "Error: Authentication failed", "module": "logger", "function": "log_error", "line": 154, "event_type": "error", "error_type": "Exception", "error_message": "Authentication failed", "context": {"operation": "get_sales_report", "platform": "facebook_marketplace"}}
{"timestamp": "2025-07-05T01:31:41.107063", "level": "INFO", "logger": "CrossListingService", "message": "Performance: get_sales_report took 17.822s", "module": "logger", "function": "log_performance", "line": 178, "event_type": "performance", "operation": "get_sales_report", "duration": 17.822}
{"timestamp": "2025-07-05T01:31:52.751943", "level": "INFO", "logger": "CrossListingService", "message": "Initialized platform: mercari", "module": "cross_listing_service", "function": "_initialize_platforms", "line": 49}
{"timestamp": "2025-07-05T01:31:52.752133", "level": "INFO", "logger": "VintedOAuthManager", "message": "OAuth tokens initialized", "module": "oauth_manager", "function": "initialize_tokens", "line": 43}
{"timestamp": "2025-07-05T01:31:52.752195", "level": "INFO", "logger": "CrossListingService", "message": "Initialized platform: vinted", "module": "cross_listing_service", "function": "_initialize_platforms", "line": 49}
{"timestamp": "2025-07-05T01:31:52.752275", "level": "INFO", "logger": "CrossListingService", "message": "Initialized platform: facebook_marketplace", "module": "cross_listing_service", "function": "_initialize_platforms", "line": 49}
{"timestamp": "2025-07-05T01:31:52.752308", "level": "INFO", "logger": "CrossListingService", "message": "CrossListingService initialized with 3 platforms", "module": "cross_listing_service", "function": "__init__", "line": 28}
{"timestamp": "2025-07-05T01:31:53.074320", "level": "ERROR", "logger": "MercariPlatform", "message": "Error: HTTPSConnectionPool(host='api-sandbox.mercari.com', port=443): Max retries exceeded with url: /v1/user/profile (Caused by NameResolutionError(\"<urllib3.connection.HTTPSConnection object at 0x7d5fe7921900>: Failed to resolve 'api-sandbox.mercari.com' ([Errno -2] Name or service not known)\"))", "module": "logger", "function": "log_error", "line": 154, "event_type": "error", "error_type": "ConnectionError", "error_message": "HTTPSConnectionPool(host='api-sandbox.mercari.com', port=443): Max retries exceeded with url: /v1/user/profile (Caused by NameResolutionError(\"<urllib3.connection.HTTPSConnection object at 0x7d5fe7921900>: Failed to resolve 'api-sandbox.mercari.com' ([Errno -2] Name or service not known)\"))", "context": {"operation": "authenticate", "platform": "mercari"}}
{"timestamp": "2025-07-05T01:31:53.731151", "level": "ERROR", "logger": "VintedPlatform", "message": "API call to vinted GET - FAILED", "module": "logger", "function": "log_api_call", "line": 92, "event_type": "api_call", "platform": "vinted", "method": "GET", "url": "https://api.vinted.com/v1/user/profile", "duration": 0.655, "success": false, "status_code": 404}
{"timestamp": "2025-07-05T01:31:53.731525", "level": "ERROR", "logger": "VintedPlatform", "message": "Vinted authentication failed: ", "module": "vinted", "function": "authenticate", "line": 128}
{"timestamp": "2025-07-05T01:32:13.454365", "level": "ERROR", "logger": "FacebookMarketplacePlatform", "message": "API call to facebook_marketplace GET - FAILED", "module": "logger", "function": "log_api_call", "line": 92, "event_type": "api_call", "platform": "facebook_marketplace", "method": "GET", "url": "https://graph.facebook.com/v18.0/me", "duration": 19.721, "success": false, "status_code": 400, "error": "{\"error\":{\"message\":\"Invalid OAuth access token - Cannot parse access token\",\"type\":\"OAuthException\",\"code\":190,\"fbtrace_id\":\"A4-UWq5XoVN11rumG_lnvWM\"}}"}
{"timestamp": "2025-07-05T01:32:13.454713", "level": "ERROR", "logger": "FacebookMarketplacePlatform", "message": "Facebook authentication failed: {\"error\":{\"message\":\"Invalid OAuth access token - Cannot parse access token\",\"type\":\"OAuthException\",\"code\":190,\"fbtrace_id\":\"A4-UWq5XoVN11rumG_lnvWM\"}}", "module": "facebook_marketplace", "function": "authenticate", "line": 89}
{"timestamp": "2025-07-05T01:33:56.672425", "level": "INFO", "logger": "CrossListingService", "message": "Initialized platform: mercari", "module": "cross_listing_service", "function": "_initialize_platforms", "line": 49}
{"timestamp": "2025-07-05T01:33:56.672600", "level": "INFO", "logger": "VintedOAuthManager", "message": "OAuth tokens initialized", "module": "oauth_manager", "function": "initialize_tokens", "line": 43}
{"timestamp": "2025-07-05T01:33:56.672646", "level": "INFO", "logger": "CrossListingService", "message": "Initialized platform: vinted", "module": "cross_listing_service", "function": "_initialize_platforms", "line": 49}
{"timestamp": "2025-07-05T01:33:56.672718", "level": "INFO", "logger": "CrossListingService", "message": "Initialized platform: facebook_marketplace", "module": "cross_listing_service", "function": "_initialize_platforms", "line": 49}
{"timestamp": "2025-07-05T01:33:56.672750", "level": "INFO", "logger": "CrossListingService", "message": "CrossListingService initialized with 3 platforms", "module": "cross_listing_service", "function": "__init__", "line": 28}
{"timestamp": "2025-07-05T01:33:57.001209", "level": "ERROR", "logger": "MercariPlatform", "message": "Error: HTTPSConnectionPool(host='api-sandbox.mercari.com', port=443): Max retries exceeded with url: /v1/user/profile (Caused by NameResolutionError(\"<urllib3.connection.HTTPSConnection object at 0x7bb3a1f21900>: Failed to resolve 'api-sandbox.mercari.com' ([Errno -2] Name or service not known)\"))", "module": "logger", "function": "log_error", "line": 154, "event_type": "error", "error_type": "ConnectionError", "error_message": "HTTPSConnectionPool(host='api-sandbox.mercari.com', port=443): Max retries exceeded with url: /v1/user/profile (Caused by NameResolutionError(\"<urllib3.connection.HTTPSConnection object at 0x7bb3a1f21900>: Failed to resolve 'api-sandbox.mercari.com' ([Errno -2] Name or service not known)\"))", "context": {"operation": "authenticate", "platform": "mercari"}}
{"timestamp": "2025-07-05T01:34:04.797262", "level": "ERROR", "logger": "VintedPlatform", "message": "API call to vinted GET - FAILED", "module": "logger", "function": "log_api_call", "line": 92, "event_type": "api_call", "platform": "vinted", "method": "GET", "url": "https://api.vinted.com/v1/user/profile", "duration": 7.795, "success": false, "status_code": 404}
{"timestamp": "2025-07-05T01:34:04.797650", "level": "ERROR", "logger": "VintedPlatform", "message": "Vinted authentication failed: ", "module": "vinted", "function": "authenticate", "line": 128}
{"timestamp": "2025-07-05T01:34:05.113238", "level": "ERROR", "logger": "FacebookMarketplacePlatform", "message": "API call to facebook_marketplace GET - FAILED", "module": "logger", "function": "log_api_call", "line": 92, "event_type": "api_call", "platform": "facebook_marketplace", "method": "GET", "url": "https://graph.facebook.com/v18.0/me", "duration": 0.306, "success": false, "status_code": 400, "error": "{\"error\":{\"message\":\"Invalid OAuth access token - Cannot parse access token\",\"type\":\"OAuthException\",\"code\":190,\"fbtrace_id\":\"AvjozsKRA8FTIaWGDYj8WDe\"}}"}
{"timestamp": "2025-07-05T01:34:05.113618", "level": "ERROR", "logger": "FacebookMarketplacePlatform", "message": "Facebook authentication failed: {\"error\":{\"message\":\"Invalid OAuth access token - Cannot parse access token\",\"type\":\"OAuthException\",\"code\":190,\"fbtrace_id\":\"AvjozsKRA8FTIaWGDYj8WDe\"}}", "module": "facebook_marketplace", "function": "authenticate", "line": 89}
{"timestamp": "2025-07-05T01:34:12.363183", "level": "INFO", "logger": "CrossListingService", "message": "Initialized platform: mercari", "module": "cross_listing_service", "function": "_initialize_platforms", "line": 49}
{"timestamp": "2025-07-05T01:34:12.363358", "level": "INFO", "logger": "VintedOAuthManager", "message": "OAuth tokens initialized", "module": "oauth_manager", "function": "initialize_tokens", "line": 43}
{"timestamp": "2025-07-05T01:34:12.363404", "level": "INFO", "logger": "CrossListingService", "message": "Initialized platform: vinted", "module": "cross_listing_service", "function": "_initialize_platforms", "line": 49}
{"timestamp": "2025-07-05T01:34:12.363479", "level": "INFO", "logger": "CrossListingService", "message": "Initialized platform: facebook_marketplace", "module": "cross_listing_service", "function": "_initialize_platforms", "line": 49}
{"timestamp": "2025-07-05T01:34:12.363511", "level": "INFO", "logger": "CrossListingService", "message": "CrossListingService initialized with 3 platforms", "module": "cross_listing_service", "function": "__init__", "line": 28}
{"timestamp": "2025-07-05T01:34:12.625574", "level": "ERROR", "logger": "MercariPlatform", "message": "Error: HTTPSConnectionPool(host='api-sandbox.mercari.com', port=443): Max retries exceeded with url: /v1/user/profile (Caused by NameResolutionError(\"<urllib3.connection.HTTPSConnection object at 0x75d3aec45f90>: Failed to resolve 'api-sandbox.mercari.com' ([Errno -2] Name or service not known)\"))", "module": "logger", "function": "log_error", "line": 154, "event_type": "error", "error_type": "ConnectionError", "error_message": "HTTPSConnectionPool(host='api-sandbox.mercari.com', port=443): Max retries exceeded with url: /v1/user/profile (Caused by NameResolutionError(\"<urllib3.connection.HTTPSConnection object at 0x75d3aec45f90>: Failed to resolve 'api-sandbox.mercari.com' ([Errno -2] Name or service not known)\"))", "context": {"operation": "authenticate", "platform": "mercari"}}
{"timestamp": "2025-07-05T01:34:12.625883", "level": "ERROR", "logger": "CrossListingService", "message": "Error: Authentication failed", "module": "logger", "function": "log_error", "line": 154, "event_type": "error", "error_type": "Exception", "error_message": "Authentication failed", "context": {"operation": "get_sales_report", "platform": "mercari"}}
{"timestamp": "2025-07-05T01:34:13.263205", "level": "ERROR", "logger": "VintedPlatform", "message": "API call to vinted GET - FAILED", "module": "logger", "function": "log_api_call", "line": 92, "event_type": "api_call", "platform": "vinted", "method": "GET", "url": "https://api.vinted.com/v1/user/profile", "duration": 0.628, "success": false, "status_code": 404}
{"timestamp": "2025-07-05T01:34:13.263483", "level": "ERROR", "logger": "VintedPlatform", "message": "Vinted authentication failed: ", "module": "vinted", "function": "authenticate", "line": 128}
{"timestamp": "2025-07-05T01:34:13.264388", "level": "ERROR", "logger": "CrossListingService", "message": "Error: Authentication failed", "module": "logger", "function": "log_error", "line": 154, "event_type": "error", "error_type": "Exception", "error_message": "Authentication failed", "context": {"operation": "get_sales_report", "platform": "vinted"}}
{"timestamp": "2025-07-05T01:34:13.469320", "level": "ERROR", "logger": "FacebookMarketplacePlatform", "message": "API call to facebook_marketplace GET - FAILED", "module": "logger", "function": "log_api_call", "line": 92, "event_type": "api_call", "platform": "facebook_marketplace", "method": "GET", "url": "https://graph.facebook.com/v18.0/me", "duration": 0.204, "success": false, "status_code": 400, "error": "{\"error\":{\"message\":\"Invalid OAuth access token - Cannot parse access token\",\"type\":\"OAuthException\",\"code\":190,\"fbtrace_id\":\"AzHLihH8jRvfhWXIXAKPXEl\"}}"}
{"timestamp": "2025-07-05T01:34:13.469692", "level": "ERROR", "logger": "FacebookMarketplacePlatform", "message": "Facebook authentication failed: {\"error\":{\"message\":\"Invalid OAuth access token - Cannot parse access token\",\"type\":\"OAuthException\",\"code\":190,\"fbtrace_id\":\"AzHLihH8jRvfhWXIXAKPXEl\"}}", "module": "facebook_marketplace", "function": "authenticate", "line": 89}
{"timestamp": "2025-07-05T01:34:13.470851", "level": "ERROR", "logger": "CrossListingService", "message": "Error: Authentication failed", "module": "logger", "function": "log_error", "line": 154, "event_type": "error", "error_type": "Exception", "error_message": "Authentication failed", "context": {"operation": "get_sales_report", "platform": "facebook_marketplace"}}
{"timestamp": "2025-07-05T01:34:13.471580", "level": "INFO", "logger": "CrossListingService", "message": "Performance: get_sales_report took 1.108s", "module": "logger", "function": "log_performance", "line": 178, "event_type": "performance", "operation": "get_sales_report", "duration": 1.108}
{"timestamp": "2025-07-05T01:35:54.135399", "level": "INFO", "logger": "CrossListingService", "message": "Initialized platform: mercari", "module": "cross_listing_service", "function": "_initialize_platforms", "line": 49}
{"timestamp": "2025-07-05T01:35:54.135575", "level": "INFO", "logger": "VintedOAuthManager", "message": "OAuth tokens initialized", "module": "oauth_manager", "function": "initialize_tokens", "line": 43}
{"timestamp": "2025-07-05T01:35:54.135624", "level": "INFO", "logger": "CrossListingService", "message": "Initialized platform: vinted", "module": "cross_listing_service", "function": "_initialize_platforms", "line": 49}
{"timestamp": "2025-07-05T01:35:54.135700", "level": "INFO", "logger": "CrossListingService", "message": "Initialized platform: facebook_marketplace", "module": "cross_listing_service", "function": "_initialize_platforms", "line": 49}
{"timestamp": "2025-07-05T01:35:54.135736", "level": "INFO", "logger": "CrossListingService", "message": "CrossListingService initialized with 3 platforms", "module": "cross_listing_service", "function": "__init__", "line": 28}
{"timestamp": "2025-07-05T01:35:54.363835", "level": "ERROR", "logger": "MercariPlatform", "message": "Error: HTTPSConnectionPool(host='api-sandbox.mercari.com', port=443): Max retries exceeded with url: /v1/user/profile (Caused by NameResolutionError(\"<urllib3.connection.HTTPSConnection object at 0x7dba7be75c90>: Failed to resolve 'api-sandbox.mercari.com' ([Errno -2] Name or service not known)\"))", "module": "logger", "function": "log_error", "line": 154, "event_type": "error", "error_type": "ConnectionError", "error_message": "HTTPSConnectionPool(host='api-sandbox.mercari.com', port=443): Max retries exceeded with url: /v1/user/profile (Caused by NameResolutionError(\"<urllib3.connection.HTTPSConnection object at 0x7dba7be75c90>: Failed to resolve 'api-sandbox.mercari.com' ([Errno -2] Name or service not known)\"))", "context": {"operation": "authenticate", "platform": "mercari"}}
{"timestamp": "2025-07-05T01:35:54.680585", "level": "ERROR", "logger": "VintedPlatform", "message": "API call to vinted GET - FAILED", "module": "logger", "function": "log_api_call", "line": 92, "event_type": "api_call", "platform": "vinted", "method": "GET", "url": "https://api.vinted.com/v1/user/profile", "duration": 0.316, "success": false, "status_code": 404}
{"timestamp": "2025-07-05T01:35:54.680872", "level": "ERROR", "logger": "VintedPlatform", "message": "Vinted authentication failed: ", "module": "vinted", "function": "authenticate", "line": 128}
{"timestamp": "2025-07-05T01:35:54.990547", "level": "ERROR", "logger": "FacebookMarketplacePlatform", "message": "API call to facebook_marketplace GET - FAILED", "module": "logger", "function": "log_api_call", "line": 92, "event_type": "api_call", "platform": "facebook_marketplace", "method": "GET", "url": "https://graph.facebook.com/v18.0/me", "duration": 0.309, "success": false, "status_code": 400, "error": "{\"error\":{\"message\":\"Invalid OAuth access token - Cannot parse access token\",\"type\":\"OAuthException\",\"code\":190,\"fbtrace_id\":\"AHD13JSpD5O9_m5q_TBh7uo\"}}"}
{"timestamp": "2025-07-05T01:35:54.990949", "level": "ERROR", "logger": "FacebookMarketplacePlatform", "message": "Facebook authentication failed: {\"error\":{\"message\":\"Invalid OAuth access token - Cannot parse access token\",\"type\":\"OAuthException\",\"code\":190,\"fbtrace_id\":\"AHD13JSpD5O9_m5q_TBh7uo\"}}", "module": "facebook_marketplace", "function": "authenticate", "line": 89}
